<?xml version="1.0" encoding="UTF-8"?>
<testng-results skipped="0" failed="0" ignored="0" total="1" passed="1">
  <reporter-output>
  </reporter-output>
  <suite name="Suite" duration-ms="94" started-at="2020-03-10T11:40:53Z" finished-at="2020-03-10T11:40:53Z">
    <groups>
    </groups>
    <test name="Test" duration-ms="94" started-at="2020-03-10T11:40:53Z" finished-at="2020-03-10T11:40:53Z">
      <class name="MavenProject_Sample.MavenProject_Sample.Login_Application">
        <test-method status="PASS" signature="login()[pri:0, instance:MavenProject_Sample.MavenProject_Sample.Login_Application@167c1fc]" name="login" duration-ms="14" started-at="2020-03-10T11:40:53Z" finished-at="2020-03-10T11:40:53Z">
          <reporter-output>
          </reporter-output>
        </test-method> <!-- login -->
      </class> <!-- MavenProject_Sample.MavenProject_Sample.Login_Application -->
    </test> <!-- Test -->
  </suite> <!-- Suite -->
</testng-results>
